# JRE version: OpenJDK Runtime Environment Microsoft-11369865 (17.0.15+6) (build 17.0.15+6-LTS)
# Java VM: OpenJDK 64-Bit Server VM Microsoft-11369865 (17.0.15+6-LTS, mixed mode, sharing, tiered, compressed oops, compressed class ptrs, g1 gc, windows-amd64)
GC Precious Log:
 CPUs: 4 total, 4 available
 Memory: 8096M
 Large Page Support: Disabled
 NUMA Support: Disabled
 Compressed Oops: Enabled (32-bit)
 Heap Region Size: 1M
 Heap Min Capacity: 8M
 Heap Initial Capacity: 128M
 Heap Max Capacity: 2G
 Pre-touch: Disabled
 Parallel Workers: 4
 Concurrent Workers: 1
 Concurrent Refinement Workers: 4
 Periodic GC: Disabled
Heap:
 garbage-first heap   total 162816K, used 94866K [0x0000000080000000, 0x0000000100000000)
  region size 1024K, 1 young (1024K), 1 survivors (1024K)
 Metaspace       used 78880K, committed 79808K, reserved 557056K
  class space    used 10980K, committed 11456K, reserved 425984K
GC Heap History (20 events):
Event: 71.098 GC heap after
{Heap after GC invocations=40 (full 0):
 garbage-first heap   total 122880K, used 76034K [0x0000000080000000, 0x0000000100000000)
  region size 1024K, 4 young (4096K), 4 survivors (4096K)
 Metaspace       used 73687K, committed 74560K, reserved 491520K
  class space    used 10443K, committed 10880K, reserved 425984K
}
Event: 72.887 GC heap before
{Heap before GC invocations=40 (full 0):
 garbage-first heap   total 122880K, used 98562K [0x0000000080000000, 0x0000000100000000)
  region size 1024K, 27 young (27648K), 4 survivors (4096K)
 Metaspace       used 74221K, committed 75200K, reserved 491520K
  class space    used 10465K, committed 10944K, reserved 425984K
}
Event: 72.906 GC heap after
{Heap after GC invocations=41 (full 0):
 garbage-first heap   total 147456K, used 79707K [0x0000000080000000, 0x0000000100000000)
  region size 1024K, 4 young (4096K), 4 survivors (4096K)
 Metaspace       used 74221K, committed 75200K, reserved 491520K
  class space    used 10465K, committed 10944K, reserved 425984K
}
Event: 74.169 GC heap before
{Heap before GC invocations=42 (full 0):
 garbage-first heap   total 147456K, used 114523K [0x0000000080000000, 0x0000000100000000)
  region size 1024K, 39 young (39936K), 4 survivors (4096K)
 Metaspace       used 74353K, committed 75328K, reserved 491520K
  class space    used 10465K, committed 10944K, reserved 425984K
}
Event: 74.185 GC heap after
{Heap after GC invocations=43 (full 0):
 garbage-first heap   total 147456K, used 82403K [0x0000000080000000, 0x0000000100000000)
  region size 1024K, 4 young (4096K), 4 survivors (4096K)
 Metaspace       used 74353K, committed 75328K, reserved 491520K
  class space    used 10465K, committed 10944K, reserved 425984K
}
Event: 74.349 GC heap before
{Heap before GC invocations=43 (full 0):
 garbage-first heap   total 147456K, used 85475K [0x0000000080000000, 0x0000000100000000)
  region size 1024K, 7 young (7168K), 4 survivors (4096K)
 Metaspace       used 74357K, committed 75328K, reserved 491520K
  class space    used 10465K, committed 10944K, reserved 425984K
}
Event: 74.362 GC heap after
{Heap after GC invocations=44 (full 0):
 garbage-first heap   total 147456K, used 79761K [0x0000000080000000, 0x0000000100000000)
  region size 1024K, 1 young (1024K), 1 survivors (1024K)
 Metaspace       used 74357K, committed 75328K, reserved 491520K
  class space    used 10465K, committed 10944K, reserved 425984K
}
Event: 75.433 GC heap before
{Heap before GC invocations=44 (full 0):
 garbage-first heap   total 147456K, used 115601K [0x0000000080000000, 0x0000000100000000)
  region size 1024K, 37 young (37888K), 1 survivors (1024K)
 Metaspace       used 74390K, committed 75328K, reserved 491520K
  class space    used 10466K, committed 10944K, reserved 425984K
}
Event: 75.442 GC heap after
{Heap after GC invocations=45 (full 0):
 garbage-first heap   total 147456K, used 82175K [0x0000000080000000, 0x0000000100000000)
  region size 1024K, 4 young (4096K), 4 survivors (4096K)
 Metaspace       used 74390K, committed 75328K, reserved 491520K
  class space    used 10466K, committed 10944K, reserved 425984K
}
Event: 76.425 GC heap before
{Heap before GC invocations=45 (full 0):
 garbage-first heap   total 147456K, used 115967K [0x0000000080000000, 0x0000000100000000)
  region size 1024K, 38 young (38912K), 4 survivors (4096K)
 Metaspace       used 74397K, committed 75328K, reserved 491520K
  class space    used 10466K, committed 10944K, reserved 425984K
}
Event: 76.438 GC heap after
{Heap after GC invocations=46 (full 0):
 garbage-first heap   total 147456K, used 83128K [0x0000000080000000, 0x0000000100000000)
  region size 1024K, 4 young (4096K), 4 survivors (4096K)
 Metaspace       used 74397K, committed 75328K, reserved 491520K
  class space    used 10466K, committed 10944K, reserved 425984K
}
Event: 77.794 GC heap before
{Heap before GC invocations=46 (full 0):
 garbage-first heap   total 147456K, used 116920K [0x0000000080000000, 0x0000000100000000)
  region size 1024K, 38 young (38912K), 4 survivors (4096K)
 Metaspace       used 74400K, committed 75328K, reserved 491520K
  class space    used 10466K, committed 10944K, reserved 425984K
}
Event: 77.804 GC heap after
{Heap after GC invocations=47 (full 0):
 garbage-first heap   total 147456K, used 83816K [0x0000000080000000, 0x0000000100000000)
  region size 1024K, 4 young (4096K), 4 survivors (4096K)
 Metaspace       used 74400K, committed 75328K, reserved 491520K
  class space    used 10466K, committed 10944K, reserved 425984K
}
Event: 78.476 GC heap before
{Heap before GC invocations=47 (full 0):
 garbage-first heap   total 147456K, used 109416K [0x0000000080000000, 0x0000000100000000)
  region size 1024K, 30 young (30720K), 4 survivors (4096K)
 Metaspace       used 74428K, committed 75392K, reserved 491520K
  class space    used 10470K, committed 10944K, reserved 425984K
}
Event: 78.487 GC heap after
{Heap after GC invocations=48 (full 0):
 garbage-first heap   total 147456K, used 85648K [0x0000000080000000, 0x0000000100000000)
  region size 1024K, 4 young (4096K), 4 survivors (4096K)
 Metaspace       used 74428K, committed 75392K, reserved 491520K
  class space    used 10470K, committed 10944K, reserved 425984K
}
Event: 80.717 GC heap before
{Heap before GC invocations=49 (full 0):
 garbage-first heap   total 162816K, used 123536K [0x0000000080000000, 0x0000000100000000)
  region size 1024K, 36 young (36864K), 4 survivors (4096K)
 Metaspace       used 75965K, committed 76928K, reserved 557056K
  class space    used 10660K, committed 11136K, reserved 425984K
}
Event: 80.728 GC heap after
{Heap after GC invocations=50 (full 0):
 garbage-first heap   total 162816K, used 96582K [0x0000000080000000, 0x0000000100000000)
  region size 1024K, 5 young (5120K), 5 survivors (5120K)
 Metaspace       used 75965K, committed 76928K, reserved 557056K
  class space    used 10660K, committed 11136K, reserved 425984K
}
Event: 80.791 GC heap before
{Heap before GC invocations=50 (full 0):
 garbage-first heap   total 162816K, used 98630K [0x0000000080000000, 0x0000000100000000)
  region size 1024K, 7 young (7168K), 5 survivors (5120K)
 Metaspace       used 76090K, committed 77056K, reserved 557056K
  class space    used 10672K, committed 11136K, reserved 425984K
}
Event: 80.802 GC heap after
{Heap after GC invocations=51 (full 0):
 garbage-first heap   total 162816K, used 94480K [0x0000000080000000, 0x0000000100000000)
  region size 1024K, 1 young (1024K), 1 survivors (1024K)
 Metaspace       used 76090K, committed 77056K, reserved 557056K
  class space    used 10672K, committed 11136K, reserved 425984K
}
Event: 81.948 GC heap before
{Heap before GC invocations=51 (full 0):
 garbage-first heap   total 162816K, used 127248K [0x0000000080000000, 0x0000000100000000)
  region size 1024K, 34 young (34816K), 1 survivors (1024K)
 Metaspace       used 78880K, committed 79808K, reserved 557056K
  class space    used 10980K, committed 11456K, reserved 425984K
}

