# JRE version: OpenJDK Runtime Environment Microsoft-11369865 (17.0.15+6) (build 17.0.15+6-LTS)
# Java VM: OpenJDK 64-Bit Server VM Microsoft-11369865 (17.0.15+6-LTS, mixed mode, sharing, tiered, compressed oops, compressed class ptrs, g1 gc, windows-amd64)
GC Precious Log:
 CPUs: 4 total, 4 available
 Memory: 8096M
 Large Page Support: Disabled
 NUMA Support: Disabled
 Compressed Oops: Enabled (32-bit)
 Heap Region Size: 1M
 Heap Min Capacity: 8M
 Heap Initial Capacity: 128M
 Heap Max Capacity: 2G
 Pre-touch: Disabled
 Parallel Workers: 4
 Concurrent Workers: 1
 Concurrent Refinement Workers: 4
 Periodic GC: Disabled
Heap:
 garbage-first heap   total 201728K, used 124450K [0x0000000080000000, 0x0000000100000000)
  region size 1024K, 13 young (13312K), 6 survivors (6144K)
 Metaspace       used 96783K, committed 97920K, reserved 557056K
  class space    used 13220K, committed 13760K, reserved 425984K
GC Heap History (20 events):
Event: 79.373 GC heap before
{Heap before GC invocations=48 (full 0):
 garbage-first heap   total 182272K, used 156170K [0x0000000080000000, 0x0000000100000000)
  region size 1024K, 60 young (61440K), 5 survivors (5120K)
 Metaspace       used 83957K, committed 84992K, reserved 557056K
  class space    used 11546K, committed 12032K, reserved 425984K
}
Event: 79.389 GC heap after
{Heap after GC invocations=49 (full 0):
 garbage-first heap   total 182272K, used 106150K [0x0000000080000000, 0x0000000100000000)
  region size 1024K, 8 young (8192K), 8 survivors (8192K)
 Metaspace       used 83957K, committed 84992K, reserved 557056K
  class space    used 11546K, committed 12032K, reserved 425984K
}
Event: 79.438 GC heap before
{Heap before GC invocations=49 (full 0):
 garbage-first heap   total 182272K, used 107174K [0x0000000080000000, 0x0000000100000000)
  region size 1024K, 9 young (9216K), 8 survivors (8192K)
 Metaspace       used 83995K, committed 85056K, reserved 557056K
  class space    used 11556K, committed 12032K, reserved 425984K
}
Event: 79.451 GC heap after
{Heap after GC invocations=50 (full 0):
 garbage-first heap   total 182272K, used 105369K [0x0000000080000000, 0x0000000100000000)
  region size 1024K, 1 young (1024K), 1 survivors (1024K)
 Metaspace       used 83995K, committed 85056K, reserved 557056K
  class space    used 11556K, committed 12032K, reserved 425984K
}
Event: 82.216 GC heap before
{Heap before GC invocations=50 (full 0):
 garbage-first heap   total 182272K, used 149401K [0x0000000080000000, 0x0000000100000000)
  region size 1024K, 43 young (44032K), 1 survivors (1024K)
 Metaspace       used 86964K, committed 88064K, reserved 557056K
  class space    used 11889K, committed 12416K, reserved 425984K
}
Event: 82.223 GC heap after
{Heap after GC invocations=51 (full 0):
 garbage-first heap   total 182272K, used 108090K [0x0000000080000000, 0x0000000100000000)
  region size 1024K, 3 young (3072K), 3 survivors (3072K)
 Metaspace       used 86964K, committed 88064K, reserved 557056K
  class space    used 11889K, committed 12416K, reserved 425984K
}
Event: 82.262 GC heap before
{Heap before GC invocations=51 (full 0):
 garbage-first heap   total 182272K, used 110138K [0x0000000080000000, 0x0000000100000000)
  region size 1024K, 6 young (6144K), 3 survivors (3072K)
 Metaspace       used 86964K, committed 88064K, reserved 557056K
  class space    used 11889K, committed 12416K, reserved 425984K
}
Event: 82.271 GC heap after
{Heap after GC invocations=52 (full 0):
 garbage-first heap   total 182272K, used 110004K [0x0000000080000000, 0x0000000100000000)
  region size 1024K, 5 young (5120K), 5 survivors (5120K)
 Metaspace       used 86964K, committed 88064K, reserved 557056K
  class space    used 11889K, committed 12416K, reserved 425984K
}
Event: 84.625 GC heap before
{Heap before GC invocations=53 (full 0):
 garbage-first heap   total 201728K, used 141748K [0x0000000080000000, 0x0000000100000000)
  region size 1024K, 32 young (32768K), 5 survivors (5120K)
 Metaspace       used 88270K, committed 89344K, reserved 557056K
  class space    used 12077K, committed 12608K, reserved 425984K
}
Event: 84.637 GC heap after
{Heap after GC invocations=54 (full 0):
 garbage-first heap   total 201728K, used 110908K [0x0000000080000000, 0x0000000100000000)
  region size 1024K, 3 young (3072K), 3 survivors (3072K)
 Metaspace       used 88270K, committed 89344K, reserved 557056K
  class space    used 12077K, committed 12608K, reserved 425984K
}
Event: 85.314 GC heap before
{Heap before GC invocations=54 (full 0):
 garbage-first heap   total 201728K, used 117052K [0x0000000080000000, 0x0000000100000000)
  region size 1024K, 9 young (9216K), 3 survivors (3072K)
 Metaspace       used 88616K, committed 89664K, reserved 557056K
  class space    used 12128K, committed 12672K, reserved 425984K
}
Event: 85.331 GC heap after
{Heap after GC invocations=55 (full 0):
 garbage-first heap   total 201728K, used 109534K [0x0000000080000000, 0x0000000100000000)
  region size 1024K, 1 young (1024K), 1 survivors (1024K)
 Metaspace       used 88616K, committed 89664K, reserved 557056K
  class space    used 12128K, committed 12672K, reserved 425984K
}
Event: 89.849 GC heap before
{Heap before GC invocations=55 (full 0):
 garbage-first heap   total 201728K, used 150494K [0x0000000080000000, 0x0000000100000000)
  region size 1024K, 42 young (43008K), 1 survivors (1024K)
 Metaspace       used 91788K, committed 92928K, reserved 557056K
  class space    used 12498K, committed 13056K, reserved 425984K
}
Event: 89.857 GC heap after
{Heap after GC invocations=56 (full 0):
 garbage-first heap   total 201728K, used 111407K [0x0000000080000000, 0x0000000100000000)
  region size 1024K, 3 young (3072K), 3 survivors (3072K)
 Metaspace       used 91788K, committed 92928K, reserved 557056K
  class space    used 12498K, committed 13056K, reserved 425984K
}
Event: 90.210 GC heap before
{Heap before GC invocations=56 (full 0):
 garbage-first heap   total 201728K, used 114479K [0x0000000080000000, 0x0000000100000000)
  region size 1024K, 7 young (7168K), 3 survivors (3072K)
 Metaspace       used 91942K, committed 92992K, reserved 557056K
  class space    used 12529K, committed 13056K, reserved 425984K
}
Event: 90.216 GC heap after
{Heap after GC invocations=57 (full 0):
 garbage-first heap   total 201728K, used 111516K [0x0000000080000000, 0x0000000100000000)
  region size 1024K, 3 young (3072K), 3 survivors (3072K)
 Metaspace       used 91942K, committed 92992K, reserved 557056K
  class space    used 12529K, committed 13056K, reserved 425984K
}
Event: 92.897 GC heap before
{Heap before GC invocations=57 (full 0):
 garbage-first heap   total 201728K, used 161692K [0x0000000080000000, 0x0000000100000000)
  region size 1024K, 49 young (50176K), 3 survivors (3072K)
 Metaspace       used 95282K, committed 96448K, reserved 557056K
  class space    used 12974K, committed 13504K, reserved 425984K
}
Event: 92.906 GC heap after
{Heap after GC invocations=58 (full 0):
 garbage-first heap   total 201728K, used 115802K [0x0000000080000000, 0x0000000100000000)
  region size 1024K, 4 young (4096K), 4 survivors (4096K)
 Metaspace       used 95282K, committed 96448K, reserved 557056K
  class space    used 12974K, committed 13504K, reserved 425984K
}
Event: 97.532 GC heap before
{Heap before GC invocations=58 (full 0):
 garbage-first heap   total 201728K, used 162906K [0x0000000080000000, 0x0000000100000000)
  region size 1024K, 50 young (51200K), 4 survivors (4096K)
 Metaspace       used 96751K, committed 97920K, reserved 557056K
  class space    used 13217K, committed 13760K, reserved 425984K
}
Event: 97.546 GC heap after
{Heap after GC invocations=59 (full 0):
 garbage-first heap   total 201728K, used 118306K [0x0000000080000000, 0x0000000100000000)
  region size 1024K, 6 young (6144K), 6 survivors (6144K)
 Metaspace       used 96751K, committed 97920K, reserved 557056K
  class space    used 13217K, committed 13760K, reserved 425984K
}

