# JRE version: OpenJDK Runtime Environment Temurin-21.0.8+9 (21.0.8+9) (build 21.0.8+9-LTS)
# Java VM: OpenJDK 64-Bit Server VM Temurin-21.0.8+9 (21.0.8+9-LTS, mixed mode, sharing, tiered, compressed oops, compressed class ptrs, parallel gc, windows-amd64)
GC Precious Log:
 CardTable entry size: 512
 CPUs: 12 total, 12 available
 Memory: 16055M
 Large Page Support: Disabled
 NUMA Support: Disabled
 Compressed Oops: Enabled (32-bit)
 Alignments: Space 512K, Generation 512K, Heap 2M
 Heap Min Capacity: 100M
 Heap Initial Capacity: 100M
 Heap Max Capacity: 2G
 Pre-touch: Disabled
 Parallel Workers: 10
Heap:
 PSYoungGen      total 88064K, used 49025K [0x00000000d5580000, 0x00000000dbe80000, 0x0000000100000000)
  eden space 86016K, 55% used [0x00000000d5580000,0x00000000d83d7c30,0x00000000da980000)
  from space 2048K, 76% used [0x00000000dba80000,0x00000000dbc08b48,0x00000000dbc80000)
  to   space 2048K, 0% used [0x00000000dbc80000,0x00000000dbc80000,0x00000000dbe80000)
 ParOldGen       total 344064K, used 250713K [0x0000000080000000, 0x0000000095000000, 0x00000000d5580000)
  object space 344064K, 72% used [0x0000000080000000,0x000000008f4d6748,0x0000000095000000)
 Metaspace       used 73337K, committed 74880K, reserved 1179648K
  class space    used 8349K, committed 9024K, reserved 1048576K
GC Heap History (20 events):
Event: 145.353 GC heap before
{Heap before GC invocations=3585 (full 4):
 PSYoungGen      total 77824K, used 75488K [0x00000000d5580000, 0x00000000dbe80000, 0x0000000100000000)
  eden space 73728K, 100% used [0x00000000d5580000,0x00000000d9d80000,0x00000000d9d80000)
  from space 4096K, 42% used [0x00000000db700000,0x00000000db8b8000,0x00000000dbb00000)
  to   space 2560K, 0% used [0x00000000dbc00000,0x00000000dbc00000,0x00000000dbe80000)
 ParOldGen       total 1254912K, used 1254500K [0x0000000080000000, 0x00000000cc980000, 0x00000000d5580000)
  object space 1254912K, 99% used [0x0000000080000000,0x00000000cc919310,0x00000000cc980000)
 Metaspace       used 72907K, committed 74368K, reserved 1179648K
  class space    used 8320K, committed 8960K, reserved 1048576K
}
Event: 145.359 GC heap after
{Heap after GC invocations=3585 (full 4):
 PSYoungGen      total 73216K, used 1760K [0x00000000d5580000, 0x00000000dbe00000, 0x0000000100000000)
  eden space 71168K, 0% used [0x00000000d5580000,0x00000000d5580000,0x00000000d9b00000)
  from space 2048K, 85% used [0x00000000dbc00000,0x00000000dbdb8000,0x00000000dbe00000)
  to   space 2048K, 0% used [0x00000000dba00000,0x00000000dba00000,0x00000000dbc00000)
 ParOldGen       total 1256448K, used 1256140K [0x0000000080000000, 0x00000000ccb00000, 0x00000000d5580000)
  object space 1256448K, 99% used [0x0000000080000000,0x00000000ccab3310,0x00000000ccb00000)
 Metaspace       used 72907K, committed 74368K, reserved 1179648K
  class space    used 8320K, committed 8960K, reserved 1048576K
}
Event: 145.394 GC heap before
{Heap before GC invocations=3586 (full 4):
 PSYoungGen      total 73216K, used 72928K [0x00000000d5580000, 0x00000000dbe00000, 0x0000000100000000)
  eden space 71168K, 100% used [0x00000000d5580000,0x00000000d9b00000,0x00000000d9b00000)
  from space 2048K, 85% used [0x00000000dbc00000,0x00000000dbdb8000,0x00000000dbe00000)
  to   space 2048K, 0% used [0x00000000dba00000,0x00000000dba00000,0x00000000dbc00000)
 ParOldGen       total 1256448K, used 1256140K [0x0000000080000000, 0x00000000ccb00000, 0x00000000d5580000)
  object space 1256448K, 99% used [0x0000000080000000,0x00000000ccab3310,0x00000000ccb00000)
 Metaspace       used 72907K, committed 74368K, reserved 1179648K
  class space    used 8320K, committed 8960K, reserved 1048576K
}
Event: 145.399 GC heap after
{Heap after GC invocations=3586 (full 4):
 PSYoungGen      total 70656K, used 2041K [0x00000000d5580000, 0x00000000dbc80000, 0x0000000100000000)
  eden space 68608K, 0% used [0x00000000d5580000,0x00000000d5580000,0x00000000d9880000)
  from space 2048K, 99% used [0x00000000dba00000,0x00000000dbbfe6b0,0x00000000dbc00000)
  to   space 512K, 0% used [0x00000000dbc00000,0x00000000dbc00000,0x00000000dbc80000)
 ParOldGen       total 1257984K, used 1257804K [0x0000000080000000, 0x00000000ccc80000, 0x00000000d5580000)
  object space 1257984K, 99% used [0x0000000080000000,0x00000000ccc53310,0x00000000ccc80000)
 Metaspace       used 72907K, committed 74368K, reserved 1179648K
  class space    used 8320K, committed 8960K, reserved 1048576K
}
Event: 145.456 GC heap before
{Heap before GC invocations=3587 (full 4):
 PSYoungGen      total 70656K, used 67696K [0x00000000d5580000, 0x00000000dbc80000, 0x0000000100000000)
  eden space 68608K, 95% used [0x00000000d5580000,0x00000000d959db50,0x00000000d9880000)
  from space 2048K, 99% used [0x00000000dba00000,0x00000000dbbfe6b0,0x00000000dbc00000)
  to   space 512K, 0% used [0x00000000dbc00000,0x00000000dbc00000,0x00000000dbc80000)
 ParOldGen       total 1257984K, used 1257804K [0x0000000080000000, 0x00000000ccc80000, 0x00000000d5580000)
  object space 1257984K, 99% used [0x0000000080000000,0x00000000ccc53310,0x00000000ccc80000)
 Metaspace       used 72912K, committed 74368K, reserved 1179648K
  class space    used 8321K, committed 8960K, reserved 1048576K
}
Event: 145.463 GC heap after
{Heap after GC invocations=3587 (full 4):
 PSYoungGen      total 67072K, used 496K [0x00000000d5580000, 0x00000000dbc80000, 0x0000000100000000)
  eden space 66560K, 0% used [0x00000000d5580000,0x00000000d5580000,0x00000000d9680000)
  from space 512K, 96% used [0x00000000dbc00000,0x00000000dbc7c010,0x00000000dbc80000)
  to   space 6656K, 0% used [0x00000000daf80000,0x00000000daf80000,0x00000000db600000)
 ParOldGen       total 1263616K, used 1263235K [0x0000000080000000, 0x00000000cd200000, 0x00000000d5580000)
  object space 1263616K, 99% used [0x0000000080000000,0x00000000cd1a0e10,0x00000000cd200000)
 Metaspace       used 72912K, committed 74368K, reserved 1179648K
  class space    used 8321K, committed 8960K, reserved 1048576K
}
Event: 145.529 GC heap before
{Heap before GC invocations=3588 (full 4):
 PSYoungGen      total 67072K, used 61965K [0x00000000d5580000, 0x00000000dbc80000, 0x0000000100000000)
  eden space 66560K, 92% used [0x00000000d5580000,0x00000000d9187770,0x00000000d9680000)
  from space 512K, 96% used [0x00000000dbc00000,0x00000000dbc7c010,0x00000000dbc80000)
  to   space 6656K, 0% used [0x00000000daf80000,0x00000000daf80000,0x00000000db600000)
 ParOldGen       total 1263616K, used 1263235K [0x0000000080000000, 0x00000000cd200000, 0x00000000d5580000)
  object space 1263616K, 99% used [0x0000000080000000,0x00000000cd1a0e10,0x00000000cd200000)
 Metaspace       used 72912K, committed 74368K, reserved 1179648K
  class space    used 8321K, committed 8960K, reserved 1048576K
}
Event: 145.539 GC heap after
{Heap after GC invocations=3588 (full 4):
 PSYoungGen      total 71168K, used 6633K [0x00000000d5580000, 0x00000000dc380000, 0x0000000100000000)
  eden space 64512K, 0% used [0x00000000d5580000,0x00000000d5580000,0x00000000d9480000)
  from space 6656K, 99% used [0x00000000daf80000,0x00000000db5fa700,0x00000000db600000)
  to   space 13824K, 0% used [0x00000000db600000,0x00000000db600000,0x00000000dc380000)
 ParOldGen       total 1277952K, used 1277759K [0x0000000080000000, 0x00000000ce000000, 0x00000000d5580000)
  object space 1277952K, 99% used [0x0000000080000000,0x00000000cdfcff88,0x00000000ce000000)
 Metaspace       used 72912K, committed 74368K, reserved 1179648K
  class space    used 8321K, committed 8960K, reserved 1048576K
}
Event: 145.567 GC heap before
{Heap before GC invocations=3589 (full 4):
 PSYoungGen      total 71168K, used 67754K [0x00000000d5580000, 0x00000000dc380000, 0x0000000100000000)
  eden space 64512K, 94% used [0x00000000d5580000,0x00000000d9130438,0x00000000d9480000)
  from space 6656K, 99% used [0x00000000daf80000,0x00000000db5fa700,0x00000000db600000)
  to   space 13824K, 0% used [0x00000000db600000,0x00000000db600000,0x00000000dc380000)
 ParOldGen       total 1277952K, used 1277759K [0x0000000080000000, 0x00000000ce000000, 0x00000000d5580000)
  object space 1277952K, 99% used [0x0000000080000000,0x00000000cdfcff88,0x00000000ce000000)
 Metaspace       used 72912K, committed 74368K, reserved 1179648K
  class space    used 8321K, committed 8960K, reserved 1048576K
}
Event: 145.623 GC heap after
{Heap after GC invocations=3589 (full 4):
 PSYoungGen      total 91648K, used 13749K [0x00000000d5580000, 0x00000000dc380000, 0x0000000100000000)
  eden space 77824K, 0% used [0x00000000d5580000,0x00000000d5580000,0x00000000da180000)
  from space 13824K, 99% used [0x00000000db600000,0x00000000dc36d5c0,0x00000000dc380000)
  to   space 16384K, 0% used [0x00000000da380000,0x00000000da380000,0x00000000db380000)
 ParOldGen       total 1341952K, used 1341372K [0x0000000080000000, 0x00000000d1e80000, 0x00000000d5580000)
  object space 1341952K, 99% used [0x0000000080000000,0x00000000d1def278,0x00000000d1e80000)
 Metaspace       used 72912K, committed 74368K, reserved 1179648K
  class space    used 8321K, committed 8960K, reserved 1048576K
}
Event: 145.815 GC heap before
{Heap before GC invocations=3590 (full 5):
 PSYoungGen      total 91648K, used 91573K [0x00000000d5580000, 0x00000000dc380000, 0x0000000100000000)
  eden space 77824K, 100% used [0x00000000d5580000,0x00000000da180000,0x00000000da180000)
  from space 13824K, 99% used [0x00000000db600000,0x00000000dc36d5c0,0x00000000dc380000)
  to   space 16384K, 0% used [0x00000000da380000,0x00000000da380000,0x00000000db380000)
 ParOldGen       total 1341952K, used 1341372K [0x0000000080000000, 0x00000000d1e80000, 0x00000000d5580000)
  object space 1341952K, 99% used [0x0000000080000000,0x00000000d1def278,0x00000000d1e80000)
 Metaspace       used 72942K, committed 74432K, reserved 1179648K
  class space    used 8321K, committed 8960K, reserved 1048576K
}
Event: 146.095 GC heap after
{Heap after GC invocations=3590 (full 5):
 PSYoungGen      total 96256K, used 0K [0x00000000d5580000, 0x00000000dd100000, 0x0000000100000000)
  eden space 79872K, 0% used [0x00000000d5580000,0x00000000d5580000,0x00000000da380000)
  from space 16384K, 0% used [0x00000000da380000,0x00000000da380000,0x00000000db380000)
  to   space 16384K, 0% used [0x00000000dc100000,0x00000000dc100000,0x00000000dd100000)
 ParOldGen       total 344064K, used 246331K [0x0000000080000000, 0x0000000095000000, 0x00000000d5580000)
  object space 344064K, 71% used [0x0000000080000000,0x000000008f08edc8,0x0000000095000000)
 Metaspace       used 72942K, committed 74432K, reserved 1179648K
  class space    used 8321K, committed 8960K, reserved 1048576K
}
Event: 146.115 GC heap before
{Heap before GC invocations=3591 (full 5):
 PSYoungGen      total 96256K, used 79872K [0x00000000d5580000, 0x00000000dd100000, 0x0000000100000000)
  eden space 79872K, 100% used [0x00000000d5580000,0x00000000da380000,0x00000000da380000)
  from space 16384K, 0% used [0x00000000da380000,0x00000000da380000,0x00000000db380000)
  to   space 16384K, 0% used [0x00000000dc100000,0x00000000dc100000,0x00000000dd100000)
 ParOldGen       total 344064K, used 246331K [0x0000000080000000, 0x0000000095000000, 0x00000000d5580000)
  object space 344064K, 71% used [0x0000000080000000,0x000000008f08edc8,0x0000000095000000)
 Metaspace       used 72942K, committed 74432K, reserved 1179648K
  class space    used 8321K, committed 8960K, reserved 1048576K
}
Event: 146.117 GC heap after
{Heap after GC invocations=3591 (full 5):
 PSYoungGen      total 97792K, used 1152K [0x00000000d5580000, 0x00000000dc280000, 0x0000000100000000)
  eden space 96256K, 0% used [0x00000000d5580000,0x00000000d5580000,0x00000000db380000)
  from space 1536K, 75% used [0x00000000dc100000,0x00000000dc220000,0x00000000dc280000)
  to   space 6656K, 0% used [0x00000000db580000,0x00000000db580000,0x00000000dbc00000)
 ParOldGen       total 344064K, used 246331K [0x0000000080000000, 0x0000000095000000, 0x00000000d5580000)
  object space 344064K, 71% used [0x0000000080000000,0x000000008f08edc8,0x0000000095000000)
 Metaspace       used 72942K, committed 74432K, reserved 1179648K
  class space    used 8321K, committed 8960K, reserved 1048576K
}
Event: 146.193 GC heap before
{Heap before GC invocations=3592 (full 5):
 PSYoungGen      total 97792K, used 97344K [0x00000000d5580000, 0x00000000dc280000, 0x0000000100000000)
  eden space 96256K, 99% used [0x00000000d5580000,0x00000000db3702b8,0x00000000db380000)
  from space 1536K, 75% used [0x00000000dc100000,0x00000000dc220000,0x00000000dc280000)
  to   space 6656K, 0% used [0x00000000db580000,0x00000000db580000,0x00000000dbc00000)
 ParOldGen       total 344064K, used 246331K [0x0000000080000000, 0x0000000095000000, 0x00000000d5580000)
  object space 344064K, 71% used [0x0000000080000000,0x000000008f08edc8,0x0000000095000000)
 Metaspace       used 72944K, committed 74432K, reserved 1179648K
  class space    used 8321K, committed 8960K, reserved 1048576K
}
Event: 146.196 GC heap after
{Heap after GC invocations=3592 (full 5):
 PSYoungGen      total 99328K, used 2944K [0x00000000d5580000, 0x00000000dc180000, 0x0000000100000000)
  eden space 92672K, 0% used [0x00000000d5580000,0x00000000d5580000,0x00000000db000000)
  from space 6656K, 44% used [0x00000000db580000,0x00000000db8603e0,0x00000000dbc00000)
  to   space 3584K, 0% used [0x00000000dbe00000,0x00000000dbe00000,0x00000000dc180000)
 ParOldGen       total 344064K, used 247270K [0x0000000080000000, 0x0000000095000000, 0x00000000d5580000)
  object space 344064K, 71% used [0x0000000080000000,0x000000008f179b28,0x0000000095000000)
 Metaspace       used 72944K, committed 74432K, reserved 1179648K
  class space    used 8321K, committed 8960K, reserved 1048576K
}
Event: 146.228 GC heap before
{Heap before GC invocations=3593 (full 5):
 PSYoungGen      total 99328K, used 95616K [0x00000000d5580000, 0x00000000dc180000, 0x0000000100000000)
  eden space 92672K, 100% used [0x00000000d5580000,0x00000000db000000,0x00000000db000000)
  from space 6656K, 44% used [0x00000000db580000,0x00000000db8603e0,0x00000000dbc00000)
  to   space 3584K, 0% used [0x00000000dbe00000,0x00000000dbe00000,0x00000000dc180000)
 ParOldGen       total 344064K, used 247270K [0x0000000080000000, 0x0000000095000000, 0x00000000d5580000)
  object space 344064K, 71% used [0x0000000080000000,0x000000008f179b28,0x0000000095000000)
 Metaspace       used 72944K, committed 74432K, reserved 1179648K
  class space    used 8321K, committed 8960K, reserved 1048576K
}
Event: 146.231 GC heap after
{Heap after GC invocations=3593 (full 5):
 PSYoungGen      total 90624K, used 1518K [0x00000000d5580000, 0x00000000dbf80000, 0x0000000100000000)
  eden space 89088K, 0% used [0x00000000d5580000,0x00000000d5580000,0x00000000dac80000)
  from space 1536K, 98% used [0x00000000dbe00000,0x00000000dbf7bbf0,0x00000000dbf80000)
  to   space 2560K, 0% used [0x00000000dba80000,0x00000000dba80000,0x00000000dbd00000)
 ParOldGen       total 344064K, used 249555K [0x0000000080000000, 0x0000000095000000, 0x00000000d5580000)
  object space 344064K, 72% used [0x0000000080000000,0x000000008f3b4d40,0x0000000095000000)
 Metaspace       used 72944K, committed 74432K, reserved 1179648K
  class space    used 8321K, committed 8960K, reserved 1048576K
}
Event: 146.277 GC heap before
{Heap before GC invocations=3594 (full 5):
 PSYoungGen      total 90624K, used 90606K [0x00000000d5580000, 0x00000000dbf80000, 0x0000000100000000)
  eden space 89088K, 100% used [0x00000000d5580000,0x00000000dac80000,0x00000000dac80000)
  from space 1536K, 98% used [0x00000000dbe00000,0x00000000dbf7bbf0,0x00000000dbf80000)
  to   space 2560K, 0% used [0x00000000dba80000,0x00000000dba80000,0x00000000dbd00000)
 ParOldGen       total 344064K, used 249555K [0x0000000080000000, 0x0000000095000000, 0x00000000d5580000)
  object space 344064K, 72% used [0x0000000080000000,0x000000008f3b4d40,0x0000000095000000)
 Metaspace       used 72944K, committed 74432K, reserved 1179648K
  class space    used 8321K, committed 8960K, reserved 1048576K
}
Event: 146.280 GC heap after
{Heap after GC invocations=3594 (full 5):
 PSYoungGen      total 88064K, used 1570K [0x00000000d5580000, 0x00000000dbe80000, 0x0000000100000000)
  eden space 86016K, 0% used [0x00000000d5580000,0x00000000d5580000,0x00000000da980000)
  from space 2048K, 76% used [0x00000000dba80000,0x00000000dbc08b48,0x00000000dbc80000)
  to   space 2048K, 0% used [0x00000000dbc80000,0x00000000dbc80000,0x00000000dbe80000)
 ParOldGen       total 344064K, used 250713K [0x0000000080000000, 0x0000000095000000, 0x00000000d5580000)
  object space 344064K, 72% used [0x0000000080000000,0x000000008f4d6748,0x0000000095000000)
 Metaspace       used 72944K, committed 74432K, reserved 1179648K
  class space    used 8321K, committed 8960K, reserved 1048576K
}

