# JRE version: OpenJDK Runtime Environment Microsoft-11369865 (17.0.15+6) (build 17.0.15+6-LTS)
# Java VM: OpenJDK 64-Bit Server VM Microsoft-11369865 (17.0.15+6-LTS, mixed mode, sharing, tiered, compressed oops, compressed class ptrs, g1 gc, windows-amd64)
GC Precious Log:
 CPUs: 4 total, 4 available
 Memory: 8096M
 Large Page Support: Disabled
 NUMA Support: Disabled
 Compressed Oops: Enabled (32-bit)
 Heap Region Size: 1M
 Heap Min Capacity: 8M
 Heap Initial Capacity: 128M
 Heap Max Capacity: 2G
 Pre-touch: Disabled
 Parallel Workers: 4
 Concurrent Workers: 1
 Concurrent Refinement Workers: 4
 Periodic GC: Disabled
Heap:
 garbage-first heap   total 102400K, used 56402K [0x0000000080000000, 0x0000000100000000)
  region size 1024K, 4 young (4096K), 3 survivors (3072K)
 Metaspace       used 63306K, committed 64000K, reserved 491520K
  class space    used 8938K, committed 9280K, reserved 425984K
GC Heap History (20 events):
Event: 29.263 GC heap before
{Heap before GC invocations=16 (full 0):
 garbage-first heap   total 86016K, used 70077K [0x0000000080000000, 0x0000000100000000)
  region size 1024K, 36 young (36864K), 4 survivors (4096K)
 Metaspace       used 51423K, committed 51968K, reserved 491520K
  class space    used 7242K, committed 7488K, reserved 425984K
}
Event: 29.277 GC heap after
{Heap after GC invocations=17 (full 0):
 garbage-first heap   total 86016K, used 39514K [0x0000000080000000, 0x0000000100000000)
  region size 1024K, 4 young (4096K), 4 survivors (4096K)
 Metaspace       used 51423K, committed 51968K, reserved 491520K
  class space    used 7242K, committed 7488K, reserved 425984K
}
Event: 31.536 GC heap before
{Heap before GC invocations=17 (full 0):
 garbage-first heap   total 86016K, used 70234K [0x0000000080000000, 0x0000000100000000)
  region size 1024K, 34 young (34816K), 4 survivors (4096K)
 Metaspace       used 53393K, committed 54080K, reserved 491520K
  class space    used 7520K, committed 7872K, reserved 425984K
}
Event: 31.558 GC heap after
{Heap after GC invocations=18 (full 0):
 garbage-first heap   total 86016K, used 43594K [0x0000000080000000, 0x0000000100000000)
  region size 1024K, 5 young (5120K), 5 survivors (5120K)
 Metaspace       used 53393K, committed 54080K, reserved 491520K
  class space    used 7520K, committed 7872K, reserved 425984K
}
Event: 32.543 GC heap before
{Heap before GC invocations=18 (full 0):
 garbage-first heap   total 86016K, used 66122K [0x0000000080000000, 0x0000000100000000)
  region size 1024K, 29 young (29696K), 5 survivors (5120K)
 Metaspace       used 54184K, committed 54848K, reserved 491520K
  class space    used 7600K, committed 7936K, reserved 425984K
}
Event: 32.558 GC heap after
{Heap after GC invocations=19 (full 0):
 garbage-first heap   total 86016K, used 45352K [0x0000000080000000, 0x0000000100000000)
  region size 1024K, 4 young (4096K), 4 survivors (4096K)
 Metaspace       used 54184K, committed 54848K, reserved 491520K
  class space    used 7600K, committed 7936K, reserved 425984K
}
Event: 32.894 GC heap before
{Heap before GC invocations=20 (full 0):
 garbage-first heap   total 86016K, used 50472K [0x0000000080000000, 0x0000000100000000)
  region size 1024K, 7 young (7168K), 4 survivors (4096K)
 Metaspace       used 54267K, committed 54912K, reserved 491520K
  class space    used 7617K, committed 7936K, reserved 425984K
}
Event: 32.903 GC heap after
{Heap after GC invocations=21 (full 0):
 garbage-first heap   total 86016K, used 49591K [0x0000000080000000, 0x0000000100000000)
  region size 1024K, 2 young (2048K), 2 survivors (2048K)
 Metaspace       used 54267K, committed 54912K, reserved 491520K
  class space    used 7617K, committed 7936K, reserved 425984K
}
Event: 33.593 GC heap before
{Heap before GC invocations=22 (full 0):
 garbage-first heap   total 94208K, used 65975K [0x0000000080000000, 0x0000000100000000)
  region size 1024K, 15 young (15360K), 2 survivors (2048K)
 Metaspace       used 55236K, committed 55872K, reserved 491520K
  class space    used 7747K, committed 8064K, reserved 425984K
}
Event: 33.599 GC heap after
{Heap after GC invocations=23 (full 0):
 garbage-first heap   total 94208K, used 52911K [0x0000000080000000, 0x0000000100000000)
  region size 1024K, 2 young (2048K), 2 survivors (2048K)
 Metaspace       used 55236K, committed 55872K, reserved 491520K
  class space    used 7747K, committed 8064K, reserved 425984K
}
Event: 34.637 GC heap before
{Heap before GC invocations=23 (full 0):
 garbage-first heap   total 94208K, used 69295K [0x0000000080000000, 0x0000000100000000)
  region size 1024K, 18 young (18432K), 2 survivors (2048K)
 Metaspace       used 57217K, committed 57856K, reserved 491520K
  class space    used 8020K, committed 8320K, reserved 425984K
}
Event: 34.644 GC heap after
{Heap after GC invocations=24 (full 0):
 garbage-first heap   total 94208K, used 53710K [0x0000000080000000, 0x0000000100000000)
  region size 1024K, 2 young (2048K), 2 survivors (2048K)
 Metaspace       used 57217K, committed 57856K, reserved 491520K
  class space    used 8020K, committed 8320K, reserved 425984K
}
Event: 35.518 GC heap before
{Heap before GC invocations=25 (full 0):
 garbage-first heap   total 97280K, used 71118K [0x0000000080000000, 0x0000000100000000)
  region size 1024K, 19 young (19456K), 2 survivors (2048K)
 Metaspace       used 58312K, committed 59008K, reserved 491520K
  class space    used 8188K, committed 8512K, reserved 425984K
}
Event: 35.525 GC heap after
{Heap after GC invocations=26 (full 0):
 garbage-first heap   total 97280K, used 54152K [0x0000000080000000, 0x0000000100000000)
  region size 1024K, 2 young (2048K), 2 survivors (2048K)
 Metaspace       used 58312K, committed 59008K, reserved 491520K
  class space    used 8188K, committed 8512K, reserved 425984K
}
Event: 36.154 GC heap before
{Heap before GC invocations=26 (full 0):
 garbage-first heap   total 97280K, used 73608K [0x0000000080000000, 0x0000000100000000)
  region size 1024K, 22 young (22528K), 2 survivors (2048K)
 Metaspace       used 59661K, committed 60352K, reserved 491520K
  class space    used 8350K, committed 8640K, reserved 425984K
}
Event: 36.161 GC heap after
{Heap after GC invocations=27 (full 0):
 garbage-first heap   total 97280K, used 54864K [0x0000000080000000, 0x0000000100000000)
  region size 1024K, 3 young (3072K), 3 survivors (3072K)
 Metaspace       used 59661K, committed 60352K, reserved 491520K
  class space    used 8350K, committed 8640K, reserved 425984K
}
Event: 37.004 GC heap before
{Heap before GC invocations=28 (full 0):
 garbage-first heap   total 102400K, used 75344K [0x0000000080000000, 0x0000000100000000)
  region size 1024K, 23 young (23552K), 3 survivors (3072K)
 Metaspace       used 61616K, committed 62336K, reserved 491520K
  class space    used 8678K, committed 9024K, reserved 425984K
}
Event: 37.013 GC heap after
{Heap after GC invocations=29 (full 0):
 garbage-first heap   total 102400K, used 55646K [0x0000000080000000, 0x0000000100000000)
  region size 1024K, 2 young (2048K), 2 survivors (2048K)
 Metaspace       used 61616K, committed 62336K, reserved 491520K
  class space    used 8678K, committed 9024K, reserved 425984K
}
Event: 38.078 GC heap before
{Heap before GC invocations=29 (full 0):
 garbage-first heap   total 102400K, used 81246K [0x0000000080000000, 0x0000000100000000)
  region size 1024K, 27 young (27648K), 2 survivors (2048K)
 Metaspace       used 63259K, committed 64000K, reserved 491520K
  class space    used 8930K, committed 9280K, reserved 425984K
}
Event: 38.089 GC heap after
{Heap after GC invocations=30 (full 0):
 garbage-first heap   total 102400K, used 56402K [0x0000000080000000, 0x0000000100000000)
  region size 1024K, 3 young (3072K), 3 survivors (3072K)
 Metaspace       used 63259K, committed 64000K, reserved 491520K
  class space    used 8930K, committed 9280K, reserved 425984K
}

