# JRE version: OpenJDK Runtime Environment Microsoft-11369865 (17.0.15+6) (build 17.0.15+6-LTS)
# Java VM: OpenJDK 64-Bit Server VM Microsoft-11369865 (17.0.15+6-LTS, mixed mode, sharing, tiered, compressed oops, compressed class ptrs, g1 gc, windows-amd64)
GC Precious Log:
 CPUs: 4 total, 4 available
 Memory: 8096M
 Large Page Support: Disabled
 NUMA Support: Disabled
 Compressed Oops: Enabled (32-bit)
 Heap Region Size: 1M
 Heap Min Capacity: 8M
 Heap Initial Capacity: 128M
 Heap Max Capacity: 2G
 Pre-touch: Disabled
 Parallel Workers: 4
 Concurrent Workers: 1
 Concurrent Refinement Workers: 4
 Periodic GC: Disabled
Heap:
 garbage-first heap   total 215040K, used 134344K [0x0000000080000000, 0x0000000100000000)
  region size 1024K, 60 young (61440K), 6 survivors (6144K)
 Metaspace       used 73978K, committed 74880K, reserved 491520K
  class space    used 10407K, committed 10816K, reserved 425984K
GC Heap History (20 events):
Event: 19.863 GC heap before
{Heap before GC invocations=12 (full 0):
 garbage-first heap   total 89088K, used 33144K [0x0000000080000000, 0x0000000100000000)
  region size 1024K, 4 young (4096K), 3 survivors (3072K)
 Metaspace       used 38457K, committed 38912K, reserved 491520K
  class space    used 5265K, committed 5504K, reserved 425984K
}
Event: 19.871 GC heap after
{Heap after GC invocations=13 (full 0):
 garbage-first heap   total 89088K, used 32064K [0x0000000080000000, 0x0000000100000000)
  region size 1024K, 1 young (1024K), 1 survivors (1024K)
 Metaspace       used 38457K, committed 38912K, reserved 491520K
  class space    used 5265K, committed 5504K, reserved 425984K
}
Event: 21.598 GC heap before
{Heap before GC invocations=13 (full 0):
 garbage-first heap   total 89088K, used 70976K [0x0000000080000000, 0x0000000100000000)
  region size 1024K, 39 young (39936K), 1 survivors (1024K)
 Metaspace       used 41577K, committed 42112K, reserved 491520K
  class space    used 5770K, committed 6016K, reserved 425984K
}
Event: 21.605 GC heap after
{Heap after GC invocations=14 (full 0):
 garbage-first heap   total 89088K, used 33957K [0x0000000080000000, 0x0000000100000000)
  region size 1024K, 3 young (3072K), 3 survivors (3072K)
 Metaspace       used 41577K, committed 42112K, reserved 491520K
  class space    used 5770K, committed 6016K, reserved 425984K
}
Event: 23.359 GC heap before
{Heap before GC invocations=15 (full 0):
 garbage-first heap   total 89088K, used 71845K [0x0000000080000000, 0x0000000100000000)
  region size 1024K, 40 young (40960K), 3 survivors (3072K)
 Metaspace       used 45097K, committed 45632K, reserved 491520K
  class space    used 6320K, committed 6592K, reserved 425984K
}
Event: 23.372 GC heap after
{Heap after GC invocations=16 (full 0):
 garbage-first heap   total 89088K, used 36544K [0x0000000080000000, 0x0000000100000000)
  region size 1024K, 5 young (5120K), 5 survivors (5120K)
 Metaspace       used 45097K, committed 45632K, reserved 491520K
  class space    used 6320K, committed 6592K, reserved 425984K
}
Event: 24.525 GC heap before
{Heap before GC invocations=16 (full 0):
 garbage-first heap   total 89088K, used 71360K [0x0000000080000000, 0x0000000100000000)
  region size 1024K, 39 young (39936K), 5 survivors (5120K)
 Metaspace       used 49261K, committed 49856K, reserved 491520K
  class space    used 6895K, committed 7168K, reserved 425984K
}
Event: 24.540 GC heap after
{Heap after GC invocations=17 (full 0):
 garbage-first heap   total 89088K, used 37946K [0x0000000080000000, 0x0000000100000000)
  region size 1024K, 4 young (4096K), 4 survivors (4096K)
 Metaspace       used 49261K, committed 49856K, reserved 491520K
  class space    used 6895K, committed 7168K, reserved 425984K
}
Event: 25.931 GC heap before
{Heap before GC invocations=17 (full 0):
 garbage-first heap   total 89088K, used 71738K [0x0000000080000000, 0x0000000100000000)
  region size 1024K, 37 young (37888K), 4 survivors (4096K)
 Metaspace       used 52477K, committed 53056K, reserved 491520K
  class space    used 7422K, committed 7680K, reserved 425984K
}
Event: 25.948 GC heap after
{Heap after GC invocations=18 (full 0):
 garbage-first heap   total 230400K, used 40489K [0x0000000080000000, 0x0000000100000000)
  region size 1024K, 4 young (4096K), 4 survivors (4096K)
 Metaspace       used 52477K, committed 53056K, reserved 491520K
  class space    used 7422K, committed 7680K, reserved 425984K
}
Event: 31.026 GC heap before
{Heap before GC invocations=18 (full 0):
 garbage-first heap   total 230400K, used 180777K [0x0000000080000000, 0x0000000100000000)
  region size 1024K, 135 young (138240K), 4 survivors (4096K)
 Metaspace       used 61748K, committed 62400K, reserved 491520K
  class space    used 8686K, committed 9024K, reserved 425984K
}
Event: 31.058 GC heap after
{Heap after GC invocations=19 (full 0):
 garbage-first heap   total 230400K, used 54897K [0x0000000080000000, 0x0000000100000000)
  region size 1024K, 12 young (12288K), 12 survivors (12288K)
 Metaspace       used 61748K, committed 62400K, reserved 491520K
  class space    used 8686K, committed 9024K, reserved 425984K
}
Event: 36.431 GC heap before
{Heap before GC invocations=19 (full 0):
 garbage-first heap   total 230400K, used 173681K [0x0000000080000000, 0x0000000100000000)
  region size 1024K, 128 young (131072K), 12 survivors (12288K)
 Metaspace       used 67484K, committed 68352K, reserved 491520K
  class space    used 9508K, committed 9920K, reserved 425984K
}
Event: 36.470 GC heap after
{Heap after GC invocations=20 (full 0):
 garbage-first heap   total 230400K, used 60665K [0x0000000080000000, 0x0000000100000000)
  region size 1024K, 9 young (9216K), 9 survivors (9216K)
 Metaspace       used 67484K, committed 68352K, reserved 491520K
  class space    used 9508K, committed 9920K, reserved 425984K
}
Event: 37.634 GC heap before
{Heap before GC invocations=20 (full 0):
 garbage-first heap   total 230400K, used 88313K [0x0000000080000000, 0x0000000100000000)
  region size 1024K, 37 young (37888K), 9 survivors (9216K)
 Metaspace       used 69392K, committed 70208K, reserved 491520K
  class space    used 9758K, committed 10176K, reserved 425984K
}
Event: 37.659 GC heap after
{Heap after GC invocations=21 (full 0):
 garbage-first heap   total 230400K, used 62252K [0x0000000080000000, 0x0000000100000000)
  region size 1024K, 10 young (10240K), 10 survivors (10240K)
 Metaspace       used 69392K, committed 70208K, reserved 491520K
  class space    used 9758K, committed 10176K, reserved 425984K
}
Event: 44.711 GC heap before
{Heap before GC invocations=22 (full 0):
 garbage-first heap   total 215040K, used 180012K [0x0000000080000000, 0x0000000100000000)
  region size 1024K, 126 young (129024K), 10 survivors (10240K)
 Metaspace       used 73829K, committed 74688K, reserved 491520K
  class space    used 10396K, committed 10816K, reserved 425984K
}
Event: 44.763 GC heap after
{Heap after GC invocations=23 (full 0):
 garbage-first heap   total 215040K, used 72492K [0x0000000080000000, 0x0000000100000000)
  region size 1024K, 15 young (15360K), 15 survivors (15360K)
 Metaspace       used 73829K, committed 74688K, reserved 491520K
  class space    used 10396K, committed 10816K, reserved 425984K
}
Event: 46.894 GC heap before
{Heap before GC invocations=23 (full 0):
 garbage-first heap   total 215040K, used 168748K [0x0000000080000000, 0x0000000100000000)
  region size 1024K, 110 young (112640K), 15 survivors (15360K)
 Metaspace       used 73911K, committed 74816K, reserved 491520K
  class space    used 10397K, committed 10816K, reserved 425984K
}
Event: 46.929 GC heap after
{Heap after GC invocations=24 (full 0):
 garbage-first heap   total 215040K, used 75976K [0x0000000080000000, 0x0000000100000000)
  region size 1024K, 6 young (6144K), 6 survivors (6144K)
 Metaspace       used 73911K, committed 74816K, reserved 491520K
  class space    used 10397K, committed 10816K, reserved 425984K
}

