# JRE version: OpenJDK Runtime Environment Microsoft-11369865 (17.0.15+6) (build 17.0.15+6-LTS)
# Java VM: OpenJDK 64-Bit Server VM Microsoft-11369865 (17.0.15+6-LTS, mixed mode, sharing, tiered, compressed oops, compressed class ptrs, g1 gc, windows-amd64)
GC Precious Log:
 CPUs: 4 total, 4 available
 Memory: 8096M
 Large Page Support: Disabled
 NUMA Support: Disabled
 Compressed Oops: Enabled (32-bit)
 Heap Region Size: 1M
 Heap Min Capacity: 8M
 Heap Initial Capacity: 128M
 Heap Max Capacity: 2G
 Pre-touch: Disabled
 Parallel Workers: 4
 Concurrent Workers: 1
 Concurrent Refinement Workers: 4
 Periodic GC: Disabled
Heap:
 garbage-first heap   total 398336K, used 216860K [0x0000000080000000, 0x0000000100000000)
  region size 1024K, 13 young (13312K), 13 survivors (13312K)
 Metaspace       used 112195K, committed 113536K, reserved 557056K
  class space    used 15682K, committed 16320K, reserved 425984K
GC Heap History (20 events):
Event: 67.252 GC heap after
{Heap after GC invocations=37 (full 0):
 garbage-first heap   total 342016K, used 130876K [0x0000000080000000, 0x0000000100000000)
  region size 1024K, 18 young (18432K), 18 survivors (18432K)
 Metaspace       used 104525K, committed 105536K, reserved 557056K
  class space    used 14523K, committed 14976K, reserved 425984K
}
Event: 71.755 GC heap before
{Heap before GC invocations=37 (full 0):
 garbage-first heap   total 342016K, used 280380K [0x0000000080000000, 0x0000000100000000)
  region size 1024K, 160 young (163840K), 18 survivors (18432K)
 Metaspace       used 106378K, committed 107520K, reserved 557056K
  class space    used 14779K, committed 15360K, reserved 425984K
}
Event: 71.820 GC heap after
{Heap after GC invocations=38 (full 0):
 garbage-first heap   total 342016K, used 149000K [0x0000000080000000, 0x0000000100000000)
  region size 1024K, 20 young (20480K), 20 survivors (20480K)
 Metaspace       used 106378K, committed 107520K, reserved 557056K
  class space    used 14779K, committed 15360K, reserved 425984K
}
Event: 73.333 GC heap before
{Heap before GC invocations=38 (full 0):
 garbage-first heap   total 342016K, used 270856K [0x0000000080000000, 0x0000000100000000)
  region size 1024K, 139 young (142336K), 20 survivors (20480K)
 Metaspace       used 106378K, committed 107520K, reserved 557056K
  class space    used 14779K, committed 15360K, reserved 425984K
}
Event: 73.390 GC heap after
{Heap after GC invocations=39 (full 0):
 garbage-first heap   total 342016K, used 153404K [0x0000000080000000, 0x0000000100000000)
  region size 1024K, 6 young (6144K), 6 survivors (6144K)
 Metaspace       used 106378K, committed 107520K, reserved 557056K
  class space    used 14779K, committed 15360K, reserved 425984K
}
Event: 75.755 GC heap before
{Heap before GC invocations=39 (full 0):
 garbage-first heap   total 342016K, used 278332K [0x0000000080000000, 0x0000000100000000)
  region size 1024K, 125 young (128000K), 6 survivors (6144K)
 Metaspace       used 106660K, committed 107904K, reserved 557056K
  class space    used 14806K, committed 15424K, reserved 425984K
}
Event: 75.784 GC heap after
{Heap after GC invocations=40 (full 0):
 garbage-first heap   total 342016K, used 166609K [0x0000000080000000, 0x0000000100000000)
  region size 1024K, 16 young (16384K), 16 survivors (16384K)
 Metaspace       used 106660K, committed 107904K, reserved 557056K
  class space    used 14806K, committed 15424K, reserved 425984K
}
Event: 78.127 GC heap before
{Heap before GC invocations=40 (full 0):
 garbage-first heap   total 342016K, used 266961K [0x0000000080000000, 0x0000000100000000)
  region size 1024K, 112 young (114688K), 16 survivors (16384K)
 Metaspace       used 108522K, committed 109760K, reserved 557056K
  class space    used 15120K, committed 15744K, reserved 425984K
}
Event: 78.170 GC heap after
{Heap after GC invocations=41 (full 0):
 garbage-first heap   total 342016K, used 178738K [0x0000000080000000, 0x0000000100000000)
  region size 1024K, 12 young (12288K), 12 survivors (12288K)
 Metaspace       used 108522K, committed 109760K, reserved 557056K
  class space    used 15120K, committed 15744K, reserved 425984K
}
Event: 82.252 GC heap before
{Heap before GC invocations=42 (full 0):
 garbage-first heap   total 342016K, used 277042K [0x0000000080000000, 0x0000000100000000)
  region size 1024K, 108 young (110592K), 12 survivors (12288K)
 Metaspace       used 111751K, committed 113088K, reserved 557056K
  class space    used 15638K, committed 16256K, reserved 425984K
}
Event: 82.318 GC heap after
{Heap after GC invocations=43 (full 0):
 garbage-first heap   total 342016K, used 188220K [0x0000000080000000, 0x0000000100000000)
  region size 1024K, 10 young (10240K), 10 survivors (10240K)
 Metaspace       used 111751K, committed 113088K, reserved 557056K
  class space    used 15638K, committed 16256K, reserved 425984K
}
Event: 82.536 GC heap before
{Heap before GC invocations=43 (full 0):
 garbage-first heap   total 342016K, used 194364K [0x0000000080000000, 0x0000000100000000)
  region size 1024K, 16 young (16384K), 10 survivors (10240K)
 Metaspace       used 111785K, committed 113088K, reserved 557056K
  class space    used 15640K, committed 16256K, reserved 425984K
}
Event: 82.566 GC heap after
{Heap after GC invocations=44 (full 0):
 garbage-first heap   total 342016K, used 186120K [0x0000000080000000, 0x0000000100000000)
  region size 1024K, 2 young (2048K), 2 survivors (2048K)
 Metaspace       used 111785K, committed 113088K, reserved 557056K
  class space    used 15640K, committed 16256K, reserved 425984K
}
Event: 85.224 GC heap before
{Heap before GC invocations=44 (full 0):
 garbage-first heap   total 342016K, used 279304K [0x0000000080000000, 0x0000000100000000)
  region size 1024K, 93 young (95232K), 2 survivors (2048K)
 Metaspace       used 111939K, committed 113216K, reserved 557056K
  class space    used 15654K, committed 16256K, reserved 425984K
}
Event: 85.276 GC heap after
{Heap after GC invocations=45 (full 0):
 garbage-first heap   total 342016K, used 202461K [0x0000000080000000, 0x0000000100000000)
  region size 1024K, 12 young (12288K), 12 survivors (12288K)
 Metaspace       used 111939K, committed 113216K, reserved 557056K
  class space    used 15654K, committed 16256K, reserved 425984K
}
Event: 86.968 GC heap before
{Heap before GC invocations=46 (full 0):
 garbage-first heap   total 398336K, used 272093K [0x0000000080000000, 0x0000000100000000)
  region size 1024K, 82 young (83968K), 12 survivors (12288K)
 Metaspace       used 111945K, committed 113216K, reserved 557056K
  class space    used 15654K, committed 16256K, reserved 425984K
}
Event: 87.030 GC heap after
{Heap after GC invocations=47 (full 0):
 garbage-first heap   total 398336K, used 205094K [0x0000000080000000, 0x0000000100000000)
  region size 1024K, 6 young (6144K), 6 survivors (6144K)
 Metaspace       used 111945K, committed 113216K, reserved 557056K
  class space    used 15654K, committed 16256K, reserved 425984K
}
Event: 87.241 GC heap before
{Heap before GC invocations=47 (full 0):
 garbage-first heap   total 398336K, used 217382K [0x0000000080000000, 0x0000000100000000)
  region size 1024K, 19 young (19456K), 6 survivors (6144K)
 Metaspace       used 111945K, committed 113216K, reserved 557056K
  class space    used 15654K, committed 16256K, reserved 425984K
}
Event: 87.262 GC heap after
{Heap after GC invocations=48 (full 0):
 garbage-first heap   total 398336K, used 202538K [0x0000000080000000, 0x0000000100000000)
  region size 1024K, 3 young (3072K), 3 survivors (3072K)
 Metaspace       used 111945K, committed 113216K, reserved 557056K
  class space    used 15654K, committed 16256K, reserved 425984K
}
Event: 90.523 GC heap before
{Heap before GC invocations=48 (full 0):
 garbage-first heap   total 398336K, used 323370K [0x0000000080000000, 0x0000000100000000)
  region size 1024K, 117 young (119808K), 3 survivors (3072K)
 Metaspace       used 112195K, committed 113536K, reserved 557056K
  class space    used 15682K, committed 16320K, reserved 425984K
}

