# JRE version: OpenJDK Runtime Environment Microsoft-11369865 (17.0.15+6) (build 17.0.15+6-LTS)
# Java VM: OpenJDK 64-Bit Server VM Microsoft-11369865 (17.0.15+6-LTS, mixed mode, sharing, tiered, compressed oops, compressed class ptrs, g1 gc, windows-amd64)
GC Precious Log:
 CPUs: 4 total, 4 available
 Memory: 8096M
 Large Page Support: Disabled
 NUMA Support: Disabled
 Compressed Oops: Enabled (32-bit)
 Heap Region Size: 1M
 Heap Min Capacity: 8M
 Heap Initial Capacity: 128M
 Heap Max Capacity: 2G
 Pre-touch: Disabled
 Parallel Workers: 4
 Concurrent Workers: 1
 Concurrent Refinement Workers: 4
 Periodic GC: Disabled
Heap:
 garbage-first heap   total 313344K, used 216807K [0x0000000080000000, 0x0000000100000000)
  region size 1024K, 6 young (6144K), 6 survivors (6144K)
 Metaspace       used 117512K, committed 118784K, reserved 557056K
  class space    used 16192K, committed 16768K, reserved 425984K
GC Heap History (20 events):
Event: 67.738 GC heap after
{Heap after GC invocations=44 (full 0):
 garbage-first heap   total 313344K, used 136008K [0x0000000080000000, 0x0000000100000000)
  region size 1024K, 17 young (17408K), 17 survivors (17408K)
 Metaspace       used 109622K, committed 110720K, reserved 557056K
  class space    used 15061K, committed 15616K, reserved 425984K
}
Event: 70.171 GC heap before
{Heap before GC invocations=44 (full 0):
 garbage-first heap   total 313344K, used 225096K [0x0000000080000000, 0x0000000100000000)
  region size 1024K, 105 young (107520K), 17 survivors (17408K)
 Metaspace       used 109633K, committed 110720K, reserved 557056K
  class space    used 15061K, committed 15616K, reserved 425984K
}
Event: 70.233 GC heap after
{Heap after GC invocations=45 (full 0):
 garbage-first heap   total 313344K, used 138652K [0x0000000080000000, 0x0000000100000000)
  region size 1024K, 6 young (6144K), 6 survivors (6144K)
 Metaspace       used 109633K, committed 110720K, reserved 557056K
  class space    used 15061K, committed 15616K, reserved 425984K
}
Event: 73.908 GC heap before
{Heap before GC invocations=45 (full 0):
 garbage-first heap   total 313344K, used 256412K [0x0000000080000000, 0x0000000100000000)
  region size 1024K, 118 young (120832K), 6 survivors (6144K)
 Metaspace       used 111161K, committed 112320K, reserved 557056K
  class space    used 15288K, committed 15808K, reserved 425984K
}
Event: 73.947 GC heap after
{Heap after GC invocations=46 (full 0):
 garbage-first heap   total 313344K, used 152576K [0x0000000080000000, 0x0000000100000000)
  region size 1024K, 15 young (15360K), 15 survivors (15360K)
 Metaspace       used 111161K, committed 112320K, reserved 557056K
  class space    used 15288K, committed 15808K, reserved 425984K
}
Event: 75.780 GC heap before
{Heap before GC invocations=46 (full 0):
 garbage-first heap   total 313344K, used 250880K [0x0000000080000000, 0x0000000100000000)
  region size 1024K, 111 young (113664K), 15 survivors (15360K)
 Metaspace       used 111504K, committed 112704K, reserved 557056K
  class space    used 15318K, committed 15872K, reserved 425984K
}
Event: 75.830 GC heap after
{Heap after GC invocations=47 (full 0):
 garbage-first heap   total 313344K, used 159591K [0x0000000080000000, 0x0000000100000000)
  region size 1024K, 10 young (10240K), 10 survivors (10240K)
 Metaspace       used 111504K, committed 112704K, reserved 557056K
  class space    used 15318K, committed 15872K, reserved 425984K
}
Event: 78.172 GC heap before
{Heap before GC invocations=47 (full 0):
 garbage-first heap   total 313344K, used 254823K [0x0000000080000000, 0x0000000100000000)
  region size 1024K, 100 young (102400K), 10 survivors (10240K)
 Metaspace       used 111738K, committed 112896K, reserved 557056K
  class space    used 15342K, committed 15872K, reserved 425984K
}
Event: 78.207 GC heap after
{Heap after GC invocations=48 (full 0):
 garbage-first heap   total 313344K, used 171799K [0x0000000080000000, 0x0000000100000000)
  region size 1024K, 12 young (12288K), 12 survivors (12288K)
 Metaspace       used 111738K, committed 112896K, reserved 557056K
  class space    used 15342K, committed 15872K, reserved 425984K
}
Event: 79.485 GC heap before
{Heap before GC invocations=48 (full 0):
 garbage-first heap   total 313344K, used 251671K [0x0000000080000000, 0x0000000100000000)
  region size 1024K, 91 young (93184K), 12 survivors (12288K)
 Metaspace       used 111770K, committed 112960K, reserved 557056K
  class space    used 15342K, committed 15872K, reserved 425984K
}
Event: 79.510 GC heap after
{Heap after GC invocations=49 (full 0):
 garbage-first heap   total 313344K, used 175019K [0x0000000080000000, 0x0000000100000000)
  region size 1024K, 6 young (6144K), 6 survivors (6144K)
 Metaspace       used 111770K, committed 112960K, reserved 557056K
  class space    used 15342K, committed 15872K, reserved 425984K
}
Event: 81.448 GC heap before
{Heap before GC invocations=49 (full 0):
 garbage-first heap   total 313344K, used 258987K [0x0000000080000000, 0x0000000100000000)
  region size 1024K, 85 young (87040K), 6 survivors (6144K)
 Metaspace       used 112622K, committed 113856K, reserved 557056K
  class space    used 15487K, committed 16064K, reserved 425984K
}
Event: 81.472 GC heap after
{Heap after GC invocations=50 (full 0):
 garbage-first heap   total 313344K, used 184652K [0x0000000080000000, 0x0000000100000000)
  region size 1024K, 11 young (11264K), 11 survivors (11264K)
 Metaspace       used 112622K, committed 113856K, reserved 557056K
  class space    used 15487K, committed 16064K, reserved 425984K
}
Event: 84.370 GC heap before
{Heap before GC invocations=50 (full 0):
 garbage-first heap   total 313344K, used 255308K [0x0000000080000000, 0x0000000100000000)
  region size 1024K, 80 young (81920K), 11 survivors (11264K)
 Metaspace       used 115335K, committed 116608K, reserved 557056K
  class space    used 15912K, committed 16512K, reserved 425984K
}
Event: 84.402 GC heap after
{Heap after GC invocations=51 (full 0):
 garbage-first heap   total 313344K, used 190369K [0x0000000080000000, 0x0000000100000000)
  region size 1024K, 6 young (6144K), 6 survivors (6144K)
 Metaspace       used 115335K, committed 116608K, reserved 557056K
  class space    used 15912K, committed 16512K, reserved 425984K
}
Event: 86.201 GC heap before
{Heap before GC invocations=51 (full 0):
 garbage-first heap   total 313344K, used 257953K [0x0000000080000000, 0x0000000100000000)
  region size 1024K, 72 young (73728K), 6 survivors (6144K)
 Metaspace       used 117359K, committed 118592K, reserved 557056K
  class space    used 16181K, committed 16768K, reserved 425984K
}
Event: 86.231 GC heap after
{Heap after GC invocations=52 (full 0):
 garbage-first heap   total 313344K, used 198389K [0x0000000080000000, 0x0000000100000000)
  region size 1024K, 8 young (8192K), 8 survivors (8192K)
 Metaspace       used 117359K, committed 118592K, reserved 557056K
  class space    used 16181K, committed 16768K, reserved 425984K
}
Event: 87.341 GC heap before
{Heap before GC invocations=52 (full 0):
 garbage-first heap   total 313344K, used 259829K [0x0000000080000000, 0x0000000100000000)
  region size 1024K, 68 young (69632K), 8 survivors (8192K)
 Metaspace       used 117432K, committed 118656K, reserved 557056K
  class space    used 16187K, committed 16768K, reserved 425984K
}
Event: 87.392 GC heap after
{Heap after GC invocations=53 (full 0):
 garbage-first heap   total 313344K, used 209920K [0x0000000080000000, 0x0000000100000000)
  region size 1024K, 9 young (9216K), 9 survivors (9216K)
 Metaspace       used 117432K, committed 118656K, reserved 557056K
  class space    used 16187K, committed 16768K, reserved 425984K
}
Event: 88.364 GC heap before
{Heap before GC invocations=53 (full 0):
 garbage-first heap   total 313344K, used 259072K [0x0000000080000000, 0x0000000100000000)
  region size 1024K, 58 young (59392K), 9 survivors (9216K)
 Metaspace       used 117512K, committed 118784K, reserved 557056K
  class space    used 16192K, committed 16768K, reserved 425984K
}

